#
# There is insufficient memory for the Java Runtime Environment to continue.
# Native memory allocation (malloc) failed to allocate 32744 bytes for ChunkPool::allocate
# Possible reasons:
#   The system is out of physical RAM or swap space
#   The process is running with CompressedOops enabled, and the Java Heap may be blocking the growth of the native heap
# Possible solutions:
#   Reduce memory load on the system
#   Increase physical memory or swap space
#   Check if swap backing store is full
#   Decrease Java heap size (-Xmx/-Xms)
#   Decrease number of Java threads
#   Decrease Java thread stack sizes (-Xss)
#   Set larger code cache with -XX:ReservedCodeCacheSize=
#   JVM is running with Unscaled Compressed Oops mode in which the Java heap is
#     placed in the first 4GB address space. The Java Heap base address is the
#     maximum limit for the native heap growth. Please use -XX:HeapBaseMinAddress
#     to set the Java Heap base and to place the Java Heap above 4GB virtual address.
# This output file may be truncated or incomplete.
#
#  Out of Memory Error (arena.cpp:79), pid=24604, tid=25672
#
# JRE version: Java(TM) SE Runtime Environment (16.0.1+9) (build 16.0.1+9-24)
# Java VM: Java HotSpot(TM) 64-Bit Server VM (16.0.1+9-24, mixed mode, sharing, tiered, compressed oops, compressed class ptrs, g1 gc, windows-amd64)
# No core dump will be written. Minidumps are not enabled by default on client versions of Windows
#

---------------  S U M M A R Y ------------

Command Line: -Dfile.encoding=Cp1252 --module-path=D:\mysql-connector-java-8.0.26\mysql-connector-java-8.0.26.jar -XX:+ShowCodeDetailsInExceptionMessages main

Host: Intel(R) Core(TM) i3-9100 CPU @ 3.60GHz, 4 cores, 7G,  Windows 10 , 64 bit Build 19041 (10.0.19041.1151)
Time: Sun Sep  5 22:46:36 2021 Nepal Standard Time elapsed time: 1.169429 seconds (0d 0h 0m 1s)

---------------  T H R E A D  ---------------

Current thread (0x00000207f350cc70):  JavaThread "C2 CompilerThread1" daemon [_thread_in_native, id=25672, stack(0x000000de63f00000,0x000000de64000000)]


Current CompileTask:
C2:   1169 1215       4       sun.font.TrueTypeFont::initNames (482 bytes)

Stack: [0x000000de63f00000,0x000000de64000000]
Native frames: (J=compiled Java code, j=interpreted, Vv=VM code, C=native code)
V  [jvm.dll+0x6687ca]
V  [jvm.dll+0x7ca3c9]
V  [jvm.dll+0x7cbb53]
V  [jvm.dll+0x7cc1b3]
V  [jvm.dll+0x242ea5]
V  [jvm.dll+0xae25f]
V  [jvm.dll+0xae03d]
V  [jvm.dll+0x647a65]
V  [jvm.dll+0x6464b4]
V  [jvm.dll+0x60934b]
V  [jvm.dll+0x60259e]
V  [jvm.dll+0x336899]
V  [jvm.dll+0x33451e]
V  [jvm.dll+0x67d775]
V  [jvm.dll+0x680f5e]
V  [jvm.dll+0x678e6b]
V  [jvm.dll+0x678497]
V  [jvm.dll+0x67636a]
V  [jvm.dll+0x1a4fec]
V  [jvm.dll+0x2a4482]
V  [jvm.dll+0x681154]
V  [jvm.dll+0x678e6b]
V  [jvm.dll+0x678497]
V  [jvm.dll+0x67636a]
V  [jvm.dll+0x1a4fec]
V  [jvm.dll+0x2a4482]
V  [jvm.dll+0x681154]
V  [jvm.dll+0x678e6b]
V  [jvm.dll+0x678497]
V  [jvm.dll+0x67636a]
V  [jvm.dll+0x1a4fec]
V  [jvm.dll+0x2a4482]
V  [jvm.dll+0x681154]
V  [jvm.dll+0x678e6b]
V  [jvm.dll+0x678497]
V  [jvm.dll+0x67636a]
V  [jvm.dll+0x1a4fec]
V  [jvm.dll+0x214f65]
V  [jvm.dll+0x1a1d9b]
V  [jvm.dll+0x2253a8]
V  [jvm.dll+0x2233ec]
V  [jvm.dll+0x780002]
V  [jvm.dll+0x779b4a]
V  [jvm.dll+0x667666]
C  [ucrtbase.dll+0x21bb2]
C  [KERNEL32.DLL+0x17034]
C  [ntdll.dll+0x52651]


---------------  P R O C E S S  ---------------

Threads class SMR info:
_java_thread_list=0x00000207f346fb30, length=20, elements={
0x00000207f1b4af50, 0x00000207f1b4bd20, 0x00000207f1b5ba60, 0x00000207f1b5d480,
0x00000207f1b5fda0, 0x00000207f1b616d0, 0x00000207f1b643d0, 0x00000207f1b64dd0,
0x00000207f1b85020, 0x00000207f2866bf0, 0x00000207f2a4abc0, 0x00000207f2acc480,
0x00000207f2aefd70, 0x00000207f2af0290, 0x00000207f2a25ca0, 0x00000207f295b190,
0x00000207f33dcb20, 0x00000207f2b4bc40, 0x00000207f2b4b1a0, 0x00000207f350cc70
}

Java Threads: ( => current thread )
  0x00000207f1b4af50 JavaThread "Reference Handler" daemon [_thread_blocked, id=22036, stack(0x000000de62300000,0x000000de62400000)]
  0x00000207f1b4bd20 JavaThread "Finalizer" daemon [_thread_blocked, id=25260, stack(0x000000de62400000,0x000000de62500000)]
  0x00000207f1b5ba60 JavaThread "Signal Dispatcher" daemon [_thread_blocked, id=23532, stack(0x000000de62600000,0x000000de62700000)]
  0x00000207f1b5d480 JavaThread "Attach Listener" daemon [_thread_blocked, id=24352, stack(0x000000de62700000,0x000000de62800000)]
  0x00000207f1b5fda0 JavaThread "Service Thread" daemon [_thread_blocked, id=24684, stack(0x000000de62800000,0x000000de62900000)]
  0x00000207f1b616d0 JavaThread "Monitor Deflation Thread" daemon [_thread_blocked, id=23888, stack(0x000000de62900000,0x000000de62a00000)]
  0x00000207f1b643d0 JavaThread "C2 CompilerThread0" daemon [_thread_in_native, id=23940, stack(0x000000de62a00000,0x000000de62b00000)]
  0x00000207f1b64dd0 JavaThread "C1 CompilerThread0" daemon [_thread_in_native, id=16212, stack(0x000000de62b00000,0x000000de62c00000)]
  0x00000207f1b85020 JavaThread "Sweeper thread" daemon [_thread_blocked, id=22380, stack(0x000000de62c00000,0x000000de62d00000)]
  0x00000207f2866bf0 JavaThread "Common-Cleaner" daemon [_thread_blocked, id=24864, stack(0x000000de62d00000,0x000000de62e00000)]
  0x00000207f2a4abc0 JavaThread "Notification Thread" daemon [_thread_blocked, id=12148, stack(0x000000de62f00000,0x000000de63000000)]
  0x00000207f2acc480 JavaThread "Java2D Disposer" daemon [_thread_blocked, id=25548, stack(0x000000de63100000,0x000000de63200000)]
  0x00000207f2aefd70 JavaThread "AWT-Shutdown" [_thread_blocked, id=25160, stack(0x000000de63200000,0x000000de63300000)]
  0x00000207f2af0290 JavaThread "AWT-Windows" daemon [_thread_in_native, id=25280, stack(0x000000de63300000,0x000000de63400000)]
  0x00000207f2a25ca0 JavaThread "Image Fetcher 0" daemon [_thread_blocked, id=25604, stack(0x000000de62e00000,0x000000de62f00000)]
  0x00000207f295b190 JavaThread "Image Fetcher 1" daemon [_thread_blocked, id=25636, stack(0x000000de63900000,0x000000de63a00000)]
  0x00000207f33dcb20 JavaThread "AWT-EventQueue-0" [_thread_in_Java, id=25640, stack(0x000000de63a00000,0x000000de63b00000)]
  0x00000207f2b4bc40 JavaThread "DestroyJavaVM" [_thread_blocked, id=9484, stack(0x000000de61c00000,0x000000de61d00000)]
  0x00000207f2b4b1a0 JavaThread "D3D Screen Updater" daemon [_thread_blocked, id=25656, stack(0x000000de63e00000,0x000000de63f00000)]
=>0x00000207f350cc70 JavaThread "C2 CompilerThread1" daemon [_thread_in_native, id=25672, stack(0x000000de63f00000,0x000000de64000000)]

Other Threads:
  0x00000207f1b46ff0 VMThread "VM Thread" [stack: 0x000000de62200000,0x000000de62300000] [id=4504]
  0x00000207f2a4b0e0 WatcherThread [stack: 0x000000de63000000,0x000000de63100000] [id=25272]
  0x00000207d24b5740 GCTaskThread "GC Thread#0" [stack: 0x000000de61d00000,0x000000de61e00000] [id=19368]
  0x00000207f32a9de0 GCTaskThread "GC Thread#1" [stack: 0x000000de63600000,0x000000de63700000] [id=25624]
  0x00000207f32ad500 GCTaskThread "GC Thread#2" [stack: 0x000000de63700000,0x000000de63800000] [id=25628]
  0x00000207f32aad30 GCTaskThread "GC Thread#3" [stack: 0x000000de63800000,0x000000de63900000] [id=25632]
  0x00000207d24c9940 ConcurrentGCThread "G1 Main Marker" [stack: 0x000000de61e00000,0x000000de61f00000] [id=21312]
  0x00000207d24cac20 ConcurrentGCThread "G1 Conc#0" [stack: 0x000000de61f00000,0x000000de62000000] [id=25340]
  0x00000207d25465f0 ConcurrentGCThread "G1 Refine#0" [stack: 0x000000de62000000,0x000000de62100000] [id=7472]
  0x00000207d2547000 ConcurrentGCThread "G1 Service" [stack: 0x000000de62100000,0x000000de62200000] [id=25392]

Threads with active compile tasks:
C2 CompilerThread0     1217 1217   !   4       sun.font.SunFontManager::addToPool (131 bytes)
C1 CompilerThread0     1217 1219       3       sun.font.SunFontManager$T1Filter::accept (67 bytes)
C2 CompilerThread1     1217 1215       4       sun.font.TrueTypeFont::initNames (482 bytes)

VM state: not at safepoint (normal execution)

VM Mutex/Monitor currently owned by a thread: None

Heap address: 0x0000000081000000, size: 2032 MB, Compressed Oops mode: 32-bit

CDS archive(s) mapped at: [0x0000000800000000-0x0000000800bb0000-0x0000000800bb0000), size 12255232, SharedBaseAddress: 0x0000000800000000, ArchiveRelocationMode: 0.
Compressed class space mapped at: 0x0000000800c00000-0x0000000840c00000, reserved size: 1073741824
Narrow klass base: 0x0000000800000000, Narrow klass shift: 3, Narrow klass range: 0x100000000

GC Precious Log:
 CPUs: 4 total, 4 available
 Memory: 8126M
 Large Page Support: Disabled
 NUMA Support: Disabled
 Compressed Oops: Enabled (32-bit)
 Heap Region Size: 1M
 Heap Min Capacity: 8M
 Heap Initial Capacity: 128M
 Heap Max Capacity: 2032M
 Pre-touch: Disabled
 Parallel Workers: 4
 Concurrent Workers: 1
 Concurrent Refinement Workers: 4
 Periodic GC: Disabled

Heap:
 garbage-first heap   total 131072K, used 27264K [0x0000000081000000, 0x0000000100000000)
  region size 1024K, 17 young (17408K), 2 survivors (2048K)
 Metaspace       used 8120K, committed 8384K, reserved 1056768K
  class space    used 900K, committed 1024K, reserved 1048576K

Heap Regions: E=young(eden), S=young(survivor), O=old, HS=humongous(starts), HC=humongous(continues), CS=collection set, F=free, OA=open archive, CA=closed archive, TAMS=top-at-mark-start (previous, next)
|   0|0x0000000081000000, 0x0000000081100000, 0x0000000081100000|100%|HS|  |TAMS 0x0000000081000000, 0x0000000081000000| Complete 
|   1|0x0000000081100000, 0x0000000081200000, 0x0000000081200000|100%|HC|  |TAMS 0x0000000081100000, 0x0000000081100000| Complete 
|   2|0x0000000081200000, 0x0000000081300000, 0x0000000081300000|100%|HC|  |TAMS 0x0000000081200000, 0x0000000081200000| Complete 
|   3|0x0000000081300000, 0x0000000081400000, 0x0000000081400000|100%|HC|  |TAMS 0x0000000081300000, 0x0000000081300000| Complete 
|   4|0x0000000081400000, 0x0000000081500000, 0x0000000081500000|100%|HC|  |TAMS 0x0000000081400000, 0x0000000081400000| Complete 
|   5|0x0000000081500000, 0x0000000081600000, 0x0000000081600000|100%|HC|  |TAMS 0x0000000081500000, 0x0000000081500000| Complete 
|   6|0x0000000081600000, 0x0000000081700000, 0x0000000081700000|100%|HC|  |TAMS 0x0000000081600000, 0x0000000081600000| Complete 
|   7|0x0000000081700000, 0x0000000081800000, 0x0000000081800000|100%|HC|  |TAMS 0x0000000081700000, 0x0000000081700000| Complete 
|   8|0x0000000081800000, 0x0000000081900000, 0x0000000081900000|100%|HC|  |TAMS 0x0000000081800000, 0x0000000081800000| Complete 
|   9|0x0000000081900000, 0x0000000081a00000, 0x0000000081a00000|100%|HC|  |TAMS 0x0000000081900000, 0x0000000081900000| Complete 
|  10|0x0000000081a00000, 0x0000000081b00000, 0x0000000081b00000|100%|HS|  |TAMS 0x0000000081a00000, 0x0000000081a00000| Complete 
|  11|0x0000000081b00000, 0x0000000081c00000, 0x0000000081c00000|100%|HC|  |TAMS 0x0000000081b00000, 0x0000000081b00000| Complete 
|  12|0x0000000081c00000, 0x0000000081c00000, 0x0000000081d00000|  0%| F|  |TAMS 0x0000000081c00000, 0x0000000081c00000| Untracked 
|  13|0x0000000081d00000, 0x0000000081d00000, 0x0000000081e00000|  0%| F|  |TAMS 0x0000000081d00000, 0x0000000081d00000| Untracked 
|  14|0x0000000081e00000, 0x0000000081e00000, 0x0000000081f00000|  0%| F|  |TAMS 0x0000000081e00000, 0x0000000081e00000| Untracked 
|  15|0x0000000081f00000, 0x0000000081f00000, 0x0000000082000000|  0%| F|  |TAMS 0x0000000081f00000, 0x0000000081f00000| Untracked 
|  16|0x0000000082000000, 0x0000000082000000, 0x0000000082100000|  0%| F|  |TAMS 0x0000000082000000, 0x0000000082000000| Untracked 
|  17|0x0000000082100000, 0x0000000082100000, 0x0000000082200000|  0%| F|  |TAMS 0x0000000082100000, 0x0000000082100000| Untracked 
|  18|0x0000000082200000, 0x0000000082200000, 0x0000000082300000|  0%| F|  |TAMS 0x0000000082200000, 0x0000000082200000| Untracked 
|  19|0x0000000082300000, 0x0000000082300000, 0x0000000082400000|  0%| F|  |TAMS 0x0000000082300000, 0x0000000082300000| Untracked 
|  20|0x0000000082400000, 0x0000000082400000, 0x0000000082500000|  0%| F|  |TAMS 0x0000000082400000, 0x0000000082400000| Untracked 
|  21|0x0000000082500000, 0x0000000082500000, 0x0000000082600000|  0%| F|  |TAMS 0x0000000082500000, 0x0000000082500000| Untracked 
|  22|0x0000000082600000, 0x0000000082600000, 0x0000000082700000|  0%| F|  |TAMS 0x0000000082600000, 0x0000000082600000| Untracked 
|  23|0x0000000082700000, 0x0000000082700000, 0x0000000082800000|  0%| F|  |TAMS 0x0000000082700000, 0x0000000082700000| Untracked 
|  24|0x0000000082800000, 0x0000000082800000, 0x0000000082900000|  0%| F|  |TAMS 0x0000000082800000, 0x0000000082800000| Untracked 
|  25|0x0000000082900000, 0x0000000082900000, 0x0000000082a00000|  0%| F|  |TAMS 0x0000000082900000, 0x0000000082900000| Untracked 
|  26|0x0000000082a00000, 0x0000000082a00000, 0x0000000082b00000|  0%| F|  |TAMS 0x0000000082a00000, 0x0000000082a00000| Untracked 
|  27|0x0000000082b00000, 0x0000000082b00000, 0x0000000082c00000|  0%| F|  |TAMS 0x0000000082b00000, 0x0000000082b00000| Untracked 
|  28|0x0000000082c00000, 0x0000000082c00000, 0x0000000082d00000|  0%| F|  |TAMS 0x0000000082c00000, 0x0000000082c00000| Untracked 
|  29|0x0000000082d00000, 0x0000000082d00000, 0x0000000082e00000|  0%| F|  |TAMS 0x0000000082d00000, 0x0000000082d00000| Untracked 
|  30|0x0000000082e00000, 0x0000000082e00000, 0x0000000082f00000|  0%| F|  |TAMS 0x0000000082e00000, 0x0000000082e00000| Untracked 
|  31|0x0000000082f00000, 0x0000000082f00000, 0x0000000083000000|  0%| F|  |TAMS 0x0000000082f00000, 0x0000000082f00000| Untracked 
|  32|0x0000000083000000, 0x0000000083000000, 0x0000000083100000|  0%| F|  |TAMS 0x0000000083000000, 0x0000000083000000| Untracked 
|  33|0x0000000083100000, 0x0000000083100000, 0x0000000083200000|  0%| F|  |TAMS 0x0000000083100000, 0x0000000083100000| Untracked 
|  34|0x0000000083200000, 0x0000000083200000, 0x0000000083300000|  0%| F|  |TAMS 0x0000000083200000, 0x0000000083200000| Untracked 
|  35|0x0000000083300000, 0x0000000083300000, 0x0000000083400000|  0%| F|  |TAMS 0x0000000083300000, 0x0000000083300000| Untracked 
|  36|0x0000000083400000, 0x0000000083400000, 0x0000000083500000|  0%| F|  |TAMS 0x0000000083400000, 0x0000000083400000| Untracked 
|  37|0x0000000083500000, 0x0000000083500000, 0x0000000083600000|  0%| F|  |TAMS 0x0000000083500000, 0x0000000083500000| Untracked 
|  38|0x0000000083600000, 0x0000000083600000, 0x0000000083700000|  0%| F|  |TAMS 0x0000000083600000, 0x0000000083600000| Untracked 
|  39|0x0000000083700000, 0x0000000083700000, 0x0000000083800000|  0%| F|  |TAMS 0x0000000083700000, 0x0000000083700000| Untracked 
|  40|0x0000000083800000, 0x0000000083800000, 0x0000000083900000|  0%| F|  |TAMS 0x0000000083800000, 0x0000000083800000| Untracked 
|  41|0x0000000083900000, 0x0000000083900000, 0x0000000083a00000|  0%| F|  |TAMS 0x0000000083900000, 0x0000000083900000| Untracked 
|  42|0x0000000083a00000, 0x0000000083a00000, 0x0000000083b00000|  0%| F|  |TAMS 0x0000000083a00000, 0x0000000083a00000| Untracked 
|  43|0x0000000083b00000, 0x0000000083b00000, 0x0000000083c00000|  0%| F|  |TAMS 0x0000000083b00000, 0x0000000083b00000| Untracked 
|  44|0x0000000083c00000, 0x0000000083c00000, 0x0000000083d00000|  0%| F|  |TAMS 0x0000000083c00000, 0x0000000083c00000| Untracked 
|  45|0x0000000083d00000, 0x0000000083d00000, 0x0000000083e00000|  0%| F|  |TAMS 0x0000000083d00000, 0x0000000083d00000| Untracked 
|  46|0x0000000083e00000, 0x0000000083e00000, 0x0000000083f00000|  0%| F|  |TAMS 0x0000000083e00000, 0x0000000083e00000| Untracked 
|  47|0x0000000083f00000, 0x0000000083f00000, 0x0000000084000000|  0%| F|  |TAMS 0x0000000083f00000, 0x0000000083f00000| Untracked 
|  48|0x0000000084000000, 0x0000000084000000, 0x0000000084100000|  0%| F|  |TAMS 0x0000000084000000, 0x0000000084000000| Untracked 
|  49|0x0000000084100000, 0x0000000084100000, 0x0000000084200000|  0%| F|  |TAMS 0x0000000084100000, 0x0000000084100000| Untracked 
|  50|0x0000000084200000, 0x0000000084200000, 0x0000000084300000|  0%| F|  |TAMS 0x0000000084200000, 0x0000000084200000| Untracked 
|  51|0x0000000084300000, 0x0000000084300000, 0x0000000084400000|  0%| F|  |TAMS 0x0000000084300000, 0x0000000084300000| Untracked 
|  52|0x0000000084400000, 0x0000000084400000, 0x0000000084500000|  0%| F|  |TAMS 0x0000000084400000, 0x0000000084400000| Untracked 
|  53|0x0000000084500000, 0x0000000084500000, 0x0000000084600000|  0%| F|  |TAMS 0x0000000084500000, 0x0000000084500000| Untracked 
|  54|0x0000000084600000, 0x0000000084600000, 0x0000000084700000|  0%| F|  |TAMS 0x0000000084600000, 0x0000000084600000| Untracked 
|  55|0x0000000084700000, 0x0000000084700000, 0x0000000084800000|  0%| F|  |TAMS 0x0000000084700000, 0x0000000084700000| Untracked 
|  56|0x0000000084800000, 0x0000000084800000, 0x0000000084900000|  0%| F|  |TAMS 0x0000000084800000, 0x0000000084800000| Untracked 
|  57|0x0000000084900000, 0x0000000084900000, 0x0000000084a00000|  0%| F|  |TAMS 0x0000000084900000, 0x0000000084900000| Untracked 
|  58|0x0000000084a00000, 0x0000000084a00000, 0x0000000084b00000|  0%| F|  |TAMS 0x0000000084a00000, 0x0000000084a00000| Untracked 
|  59|0x0000000084b00000, 0x0000000084b00000, 0x0000000084c00000|  0%| F|  |TAMS 0x0000000084b00000, 0x0000000084b00000| Untracked 
|  60|0x0000000084c00000, 0x0000000084c00000, 0x0000000084d00000|  0%| F|  |TAMS 0x0000000084c00000, 0x0000000084c00000| Untracked 
|  61|0x0000000084d00000, 0x0000000084d00000, 0x0000000084e00000|  0%| F|  |TAMS 0x0000000084d00000, 0x0000000084d00000| Untracked 
|  62|0x0000000084e00000, 0x0000000084e00000, 0x0000000084f00000|  0%| F|  |TAMS 0x0000000084e00000, 0x0000000084e00000| Untracked 
|  63|0x0000000084f00000, 0x0000000084f00000, 0x0000000085000000|  0%| F|  |TAMS 0x0000000084f00000, 0x0000000084f00000| Untracked 
|  64|0x0000000085000000, 0x0000000085000000, 0x0000000085100000|  0%| F|  |TAMS 0x0000000085000000, 0x0000000085000000| Untracked 
|  65|0x0000000085100000, 0x0000000085100000, 0x0000000085200000|  0%| F|  |TAMS 0x0000000085100000, 0x0000000085100000| Untracked 
|  66|0x0000000085200000, 0x0000000085200000, 0x0000000085300000|  0%| F|  |TAMS 0x0000000085200000, 0x0000000085200000| Untracked 
|  67|0x0000000085300000, 0x0000000085300000, 0x0000000085400000|  0%| F|  |TAMS 0x0000000085300000, 0x0000000085300000| Untracked 
|  68|0x0000000085400000, 0x0000000085400000, 0x0000000085500000|  0%| F|  |TAMS 0x0000000085400000, 0x0000000085400000| Untracked 
|  69|0x0000000085500000, 0x0000000085500000, 0x0000000085600000|  0%| F|  |TAMS 0x0000000085500000, 0x0000000085500000| Untracked 
|  70|0x0000000085600000, 0x0000000085600000, 0x0000000085700000|  0%| F|  |TAMS 0x0000000085600000, 0x0000000085600000| Untracked 
|  71|0x0000000085700000, 0x0000000085700000, 0x0000000085800000|  0%| F|  |TAMS 0x0000000085700000, 0x0000000085700000| Untracked 
|  72|0x0000000085800000, 0x0000000085800000, 0x0000000085900000|  0%| F|  |TAMS 0x0000000085800000, 0x0000000085800000| Untracked 
|  73|0x0000000085900000, 0x0000000085900000, 0x0000000085a00000|  0%| F|  |TAMS 0x0000000085900000, 0x0000000085900000| Untracked 
|  74|0x0000000085a00000, 0x0000000085a00000, 0x0000000085b00000|  0%| F|  |TAMS 0x0000000085a00000, 0x0000000085a00000| Untracked 
|  75|0x0000000085b00000, 0x0000000085b00000, 0x0000000085c00000|  0%| F|  |TAMS 0x0000000085b00000, 0x0000000085b00000| Untracked 
|  76|0x0000000085c00000, 0x0000000085c00000, 0x0000000085d00000|  0%| F|  |TAMS 0x0000000085c00000, 0x0000000085c00000| Untracked 
|  77|0x0000000085d00000, 0x0000000085d00000, 0x0000000085e00000|  0%| F|  |TAMS 0x0000000085d00000, 0x0000000085d00000| Untracked 
|  78|0x0000000085e00000, 0x0000000085e00000, 0x0000000085f00000|  0%| F|  |TAMS 0x0000000085e00000, 0x0000000085e00000| Untracked 
|  79|0x0000000085f00000, 0x0000000085f00000, 0x0000000086000000|  0%| F|  |TAMS 0x0000000085f00000, 0x0000000085f00000| Untracked 
|  80|0x0000000086000000, 0x0000000086000000, 0x0000000086100000|  0%| F|  |TAMS 0x0000000086000000, 0x0000000086000000| Untracked 
|  81|0x0000000086100000, 0x0000000086100000, 0x0000000086200000|  0%| F|  |TAMS 0x0000000086100000, 0x0000000086100000| Untracked 
|  82|0x0000000086200000, 0x0000000086200000, 0x0000000086300000|  0%| F|  |TAMS 0x0000000086200000, 0x0000000086200000| Untracked 
|  83|0x0000000086300000, 0x0000000086300000, 0x0000000086400000|  0%| F|  |TAMS 0x0000000086300000, 0x0000000086300000| Untracked 
|  84|0x0000000086400000, 0x0000000086400000, 0x0000000086500000|  0%| F|  |TAMS 0x0000000086400000, 0x0000000086400000| Untracked 
|  85|0x0000000086500000, 0x0000000086500000, 0x0000000086600000|  0%| F|  |TAMS 0x0000000086500000, 0x0000000086500000| Untracked 
|  86|0x0000000086600000, 0x0000000086600000, 0x0000000086700000|  0%| F|  |TAMS 0x0000000086600000, 0x0000000086600000| Untracked 
|  87|0x0000000086700000, 0x0000000086700000, 0x0000000086800000|  0%| F|  |TAMS 0x0000000086700000, 0x0000000086700000| Untracked 
|  88|0x0000000086800000, 0x0000000086800000, 0x0000000086900000|  0%| F|  |TAMS 0x0000000086800000, 0x0000000086800000| Untracked 
|  89|0x0000000086900000, 0x0000000086900000, 0x0000000086a00000|  0%| F|  |TAMS 0x0000000086900000, 0x0000000086900000| Untracked 
|  90|0x0000000086a00000, 0x0000000086a00000, 0x0000000086b00000|  0%| F|  |TAMS 0x0000000086a00000, 0x0000000086a00000| Untracked 
|  91|0x0000000086b00000, 0x0000000086b00000, 0x0000000086c00000|  0%| F|  |TAMS 0x0000000086b00000, 0x0000000086b00000| Untracked 
|  92|0x0000000086c00000, 0x0000000086c00000, 0x0000000086d00000|  0%| F|  |TAMS 0x0000000086c00000, 0x0000000086c00000| Untracked 
|  93|0x0000000086d00000, 0x0000000086d00000, 0x0000000086e00000|  0%| F|  |TAMS 0x0000000086d00000, 0x0000000086d00000| Untracked 
|  94|0x0000000086e00000, 0x0000000086e00000, 0x0000000086f00000|  0%| F|  |TAMS 0x0000000086e00000, 0x0000000086e00000| Untracked 
|  95|0x0000000086f00000, 0x0000000086f00000, 0x0000000087000000|  0%| F|  |TAMS 0x0000000086f00000, 0x0000000086f00000| Untracked 
|  96|0x0000000087000000, 0x0000000087000000, 0x0000000087100000|  0%| F|  |TAMS 0x0000000087000000, 0x0000000087000000| Untracked 
|  97|0x0000000087100000, 0x0000000087100000, 0x0000000087200000|  0%| F|  |TAMS 0x0000000087100000, 0x0000000087100000| Untracked 
|  98|0x0000000087200000, 0x0000000087200000, 0x0000000087300000|  0%| F|  |TAMS 0x0000000087200000, 0x0000000087200000| Untracked 
|  99|0x0000000087300000, 0x0000000087300000, 0x0000000087400000|  0%| F|  |TAMS 0x0000000087300000, 0x0000000087300000| Untracked 
| 100|0x0000000087400000, 0x0000000087400000, 0x0000000087500000|  0%| F|  |TAMS 0x0000000087400000, 0x0000000087400000| Untracked 
| 101|0x0000000087500000, 0x0000000087500000, 0x0000000087600000|  0%| F|  |TAMS 0x0000000087500000, 0x0000000087500000| Untracked 
| 102|0x0000000087600000, 0x0000000087600000, 0x0000000087700000|  0%| F|  |TAMS 0x0000000087600000, 0x0000000087600000| Untracked 
| 103|0x0000000087700000, 0x0000000087700000, 0x0000000087800000|  0%| F|  |TAMS 0x0000000087700000, 0x0000000087700000| Untracked 
| 104|0x0000000087800000, 0x0000000087800000, 0x0000000087900000|  0%| F|  |TAMS 0x0000000087800000, 0x0000000087800000| Untracked 
| 105|0x0000000087900000, 0x0000000087900000, 0x0000000087a00000|  0%| F|  |TAMS 0x0000000087900000, 0x0000000087900000| Untracked 
| 106|0x0000000087a00000, 0x0000000087a00000, 0x0000000087b00000|  0%| F|  |TAMS 0x0000000087a00000, 0x0000000087a00000| Untracked 
| 107|0x0000000087b00000, 0x0000000087b00000, 0x0000000087c00000|  0%| F|  |TAMS 0x0000000087b00000, 0x0000000087b00000| Untracked 
| 108|0x0000000087c00000, 0x0000000087c00000, 0x0000000087d00000|  0%| F|  |TAMS 0x0000000087c00000, 0x0000000087c00000| Untracked 
| 109|0x0000000087d00000, 0x0000000087d00000, 0x0000000087e00000|  0%| F|  |TAMS 0x0000000087d00000, 0x0000000087d00000| Untracked 
| 110|0x0000000087e00000, 0x0000000087e00000, 0x0000000087f00000|  0%| F|  |TAMS 0x0000000087e00000, 0x0000000087e00000| Untracked 
| 111|0x0000000087f00000, 0x0000000087f3db10, 0x0000000088000000| 24%| E|  |TAMS 0x0000000087f00000, 0x0000000087f00000| Complete 
| 112|0x0000000088000000, 0x0000000088100000, 0x0000000088100000|100%| E|CS|TAMS 0x0000000088000000, 0x0000000088000000| Complete 
| 113|0x0000000088100000, 0x00000000881a0238, 0x0000000088200000| 62%| S|CS|TAMS 0x0000000088100000, 0x0000000088100000| Complete 
| 114|0x0000000088200000, 0x0000000088300000, 0x0000000088300000|100%| S|CS|TAMS 0x0000000088200000, 0x0000000088200000| Complete 
| 115|0x0000000088300000, 0x0000000088400000, 0x0000000088400000|100%| E|CS|TAMS 0x0000000088300000, 0x0000000088300000| Complete 
| 116|0x0000000088400000, 0x0000000088500000, 0x0000000088500000|100%| E|CS|TAMS 0x0000000088400000, 0x0000000088400000| Complete 
| 117|0x0000000088500000, 0x0000000088600000, 0x0000000088600000|100%| E|CS|TAMS 0x0000000088500000, 0x0000000088500000| Complete 
| 118|0x0000000088600000, 0x0000000088700000, 0x0000000088700000|100%| E|CS|TAMS 0x0000000088600000, 0x0000000088600000| Complete 
| 119|0x0000000088700000, 0x0000000088800000, 0x0000000088800000|100%| E|CS|TAMS 0x0000000088700000, 0x0000000088700000| Complete 
| 120|0x0000000088800000, 0x0000000088900000, 0x0000000088900000|100%| E|CS|TAMS 0x0000000088800000, 0x0000000088800000| Complete 
| 121|0x0000000088900000, 0x0000000088a00000, 0x0000000088a00000|100%| E|CS|TAMS 0x0000000088900000, 0x0000000088900000| Complete 
| 122|0x0000000088a00000, 0x0000000088b00000, 0x0000000088b00000|100%| E|CS|TAMS 0x0000000088a00000, 0x0000000088a00000| Complete 
| 123|0x0000000088b00000, 0x0000000088c00000, 0x0000000088c00000|100%| E|CS|TAMS 0x0000000088b00000, 0x0000000088b00000| Complete 
| 124|0x0000000088c00000, 0x0000000088d00000, 0x0000000088d00000|100%| E|CS|TAMS 0x0000000088c00000, 0x0000000088c00000| Complete 
| 125|0x0000000088d00000, 0x0000000088e00000, 0x0000000088e00000|100%| E|CS|TAMS 0x0000000088d00000, 0x0000000088d00000| Complete 
| 126|0x0000000088e00000, 0x0000000088f00000, 0x0000000088f00000|100%| E|CS|TAMS 0x0000000088e00000, 0x0000000088e00000| Complete 
| 127|0x0000000088f00000, 0x0000000089000000, 0x0000000089000000|100%| E|CS|TAMS 0x0000000088f00000, 0x0000000088f00000| Complete 

Card table byte_map: [0x00000207eae50000,0x00000207eb250000] _byte_map_base: 0x00000207eaa48000

Marking Bits (Prev, Next): (CMBitMap*) 0x00000207d24b90f0, (CMBitMap*) 0x00000207d24b9130
 Prev Bits: [0x00000207eb650000, 0x00000207ed610000)
 Next Bits: [0x00000207ed610000, 0x00000207ef5d0000)

Polling page: 0x00000207d2310000

Metaspace:

Usage:
  Non-class:      7.05 MB used.
      Class:    900.15 KB used.
       Both:      7.93 MB used.

Virtual space:
  Non-class space:        8.00 MB reserved,       7.19 MB ( 90%) committed,  1 nodes.
      Class space:        1.00 GB reserved,       1.00 MB ( <1%) committed,  1 nodes.
              Both:        1.01 GB reserved,       8.19 MB ( <1%) committed. 

Chunk freelists:
   Non-Class:  495.00 KB
       Class:  3.05 MB
        Both:  3.53 MB

MaxMetaspaceSize: 17179869184.00 GB
CompressedClassSpaceSize: 1.00 GB
 - commit_granule_bytes: 65536.
 - commit_granule_words: 8192.
 - virtual_space_node_default_size: 1048576.
 - enlarge_chunks_in_place: 1.
 - new_chunks_are_fully_committed: 0.
 - uncommit_free_chunks: 1.
 - use_allocation_guard: 0.
 - handle_deallocations: 1.


Internal statistics:

num_allocs_failed_limit: 0.
num_arena_births: 124.
num_arena_deaths: 0.
num_vsnodes_births: 2.
num_vsnodes_deaths: 0.
num_space_committed: 131.
num_space_uncommitted: 0.
num_chunks_returned_to_freelist: 0.
num_chunks_taken_from_freelist: 157.
num_chunk_merges: 0.
num_chunk_splits: 98.
num_chunks_enlarged: 50.
num_purges: 0.

CodeHeap 'non-profiled nmethods': size=120000Kb used=352Kb max_used=352Kb free=119648Kb
 bounds [0x00000207e2f00000, 0x00000207e3170000, 0x00000207ea430000]
CodeHeap 'profiled nmethods': size=120000Kb used=1937Kb max_used=1937Kb free=118062Kb
 bounds [0x00000207db9d0000, 0x00000207dbc40000, 0x00000207e2f00000]
CodeHeap 'non-nmethods': size=5760Kb used=1278Kb max_used=1310Kb free=4481Kb
 bounds [0x00000207db430000, 0x00000207db6a0000, 0x00000207db9d0000]
 total_blobs=1815 nmethods=1215 adapters=513
 compilation: enabled
              stopped_count=0, restarted_count=0
 full_count=0

Compilation events (20 events):
Event: 1.135 Thread 0x00000207f350cc70 nmethod 1206 0x00000207e2f56a90 code [0x00000207e2f56c20, 0x00000207e2f56d68]
Event: 1.136 Thread 0x00000207f1b64dd0 1207   !   3       java.io.WinNTFileSystem::resolve (362 bytes)
Event: 1.138 Thread 0x00000207f1b64dd0 nmethod 1207 0x00000207dbbab890 code [0x00000207dbbac260, 0x00000207dbbb0c28]
Event: 1.138 Thread 0x00000207f1b64dd0 1208       3       sun.font.FontUtilities::debugFonts (4 bytes)
Event: 1.138 Thread 0x00000207f1b64dd0 nmethod 1208 0x00000207dbbb2610 code [0x00000207dbbb27a0, 0x00000207dbbb2898]
Event: 1.138 Thread 0x00000207f1b64dd0 1209       3       java.io.File::getCanonicalPath (31 bytes)
Event: 1.139 Thread 0x00000207f1b64dd0 nmethod 1209 0x00000207dbbb2910 code [0x00000207dbbb2b00, 0x00000207dbbb2df8]
Event: 1.140 Thread 0x00000207f1b64dd0 1210       3       java.io.File::<init> (111 bytes)
Event: 1.140 Thread 0x00000207f1b64dd0 nmethod 1210 0x00000207dbbb2f10 code [0x00000207dbbb31c0, 0x00000207dbbb3c08]
Event: 1.149 Thread 0x00000207f350cc70 1211       4       java.nio.ByteBuffer::position (6 bytes)
Event: 1.149 Thread 0x00000207f1b643d0 1212       4       java.nio.ByteBuffer::limit (6 bytes)
Event: 1.150 Thread 0x00000207f350cc70 nmethod 1211 0x00000207e2f56e90 code [0x00000207e2f57020, 0x00000207e2f57118]
Event: 1.150 Thread 0x00000207f1b643d0 nmethod 1212 0x00000207e2f57210 code [0x00000207e2f573a0, 0x00000207e2f574b8]
Event: 1.152 Thread 0x00000207f1b64dd0 1213       3       sun.font.TrueTypeFont::isLanguageCompatible (39 bytes)
Event: 1.153 Thread 0x00000207f1b64dd0 nmethod 1213 0x00000207dbbb3f90 code [0x00000207dbbb4140, 0x00000207dbbb4378]
Event: 1.157 Thread 0x00000207f350cc70 1214       4       jdk.internal.misc.Unsafe::getCharUnaligned (12 bytes)
Event: 1.157 Thread 0x00000207f350cc70 nmethod 1214 0x00000207e2f57610 code [0x00000207e2f577a0, 0x00000207e2f57858]
Event: 1.159 Thread 0x00000207f350cc70 1215       4       sun.font.TrueTypeFont::initNames (482 bytes)
Event: 1.161 Thread 0x00000207f1b643d0 1216       4       java.util.concurrent.ConcurrentHashMap::addCount (280 bytes)
Event: 1.163 Thread 0x00000207f1b643d0 nmethod 1216 0x00000207e2f57910 code [0x00000207e2f57ac0, 0x00000207e2f57d28]

GC Heap History (2 events):
Event: 0.773 GC heap before
{Heap before GC invocations=0 (full 0):
 garbage-first heap   total 131072K, used 23552K [0x0000000081000000, 0x0000000100000000)
  region size 1024K, 13 young (13312K), 0 survivors (0K)
 Metaspace       used 5800K, committed 6016K, reserved 1056768K
  class space    used 646K, committed 768K, reserved 1048576K
}
Event: 0.785 GC heap after
{Heap after GC invocations=1 (full 0):
 garbage-first heap   total 131072K, used 11904K [0x0000000081000000, 0x0000000100000000)
  region size 1024K, 2 young (2048K), 2 survivors (2048K)
 Metaspace       used 5800K, committed 6016K, reserved 1056768K
  class space    used 646K, committed 768K, reserved 1048576K
}

Deoptimization events (20 events):
Event: 0.900 Thread 0x00000207d2477890 DEOPT PACKING pc=0x00000207e2f0e77c sp=0x000000de61cfd1e0
Event: 0.900 Thread 0x00000207d2477890 DEOPT UNPACKING pc=0x00000207db47d72e sp=0x000000de61cfd170 mode 2
Event: 1.003 Thread 0x00000207f33dcb20 Uncommon trap: trap_request=0xffffff45 fr.pc=0x00000207e2f0f668 relative=0x0000000000000048
Event: 1.003 Thread 0x00000207f33dcb20 Uncommon trap: reason=unstable_if action=reinterpret pc=0x00000207e2f0f668 method=java.lang.CharacterData.of(I)Ljava/lang/CharacterData; @ 4 c2
Event: 1.003 Thread 0x00000207f33dcb20 DEOPT PACKING pc=0x00000207e2f0f668 sp=0x000000de63afc4d0
Event: 1.003 Thread 0x00000207f33dcb20 DEOPT UNPACKING pc=0x00000207db47d72e sp=0x000000de63afc470 mode 2
Event: 1.004 Thread 0x00000207f33dcb20 Uncommon trap: trap_request=0xffffff45 fr.pc=0x00000207e2f0ef48 relative=0x0000000000000228
Event: 1.004 Thread 0x00000207f33dcb20 Uncommon trap: reason=unstable_if action=reinterpret pc=0x00000207e2f0ef48 method=java.lang.String.isLatin1()Z @ 10 c2
Event: 1.004 Thread 0x00000207f33dcb20 DEOPT PACKING pc=0x00000207e2f0ef48 sp=0x000000de63afc5b0
Event: 1.004 Thread 0x00000207f33dcb20 DEOPT UNPACKING pc=0x00000207db47d72e sp=0x000000de63afc4e0 mode 2
Event: 1.016 Thread 0x00000207f33dcb20 Uncommon trap: trap_request=0xffffff45 fr.pc=0x00000207e2f425f8 relative=0x00000000000004b8
Event: 1.016 Thread 0x00000207f33dcb20 Uncommon trap: reason=unstable_if action=reinterpret pc=0x00000207e2f425f8 method=java.lang.StringLatin1.toLowerCase(Ljava/lang/String;[BLjava/util/Locale;)Ljava/lang/String; @ 43 c2
Event: 1.016 Thread 0x00000207f33dcb20 DEOPT PACKING pc=0x00000207e2f425f8 sp=0x000000de63afc310
Event: 1.016 Thread 0x00000207f33dcb20 DEOPT UNPACKING pc=0x00000207db47d72e sp=0x000000de63afc280 mode 2
Event: 1.051 Thread 0x00000207f33dcb20 Uncommon trap: trap_request=0xffffff45 fr.pc=0x00000207e2f48b34 relative=0x0000000000000194
Event: 1.051 Thread 0x00000207f33dcb20 Uncommon trap: reason=unstable_if action=reinterpret pc=0x00000207e2f48b34 method=java.lang.StringCoding.hasNegatives([BII)Z @ 12 c2
Event: 1.051 Thread 0x00000207f33dcb20 DEOPT PACKING pc=0x00000207e2f48b34 sp=0x000000de63afc880
Event: 1.051 Thread 0x00000207f33dcb20 DEOPT UNPACKING pc=0x00000207db47d72e sp=0x000000de63afc828 mode 2
Event: 1.088 Thread 0x00000207f33dcb20 DEOPT PACKING pc=0x00000207dbb62956 sp=0x000000de63afc7b0
Event: 1.088 Thread 0x00000207f33dcb20 DEOPT UNPACKING pc=0x00000207db47dece sp=0x000000de63afbc38 mode 0

Classes unloaded (0 events):
No events

Classes redefined (0 events):
No events

Internal exceptions (20 events):
Event: 0.701 Thread 0x00000207d2477890 Exception <a 'java/lang/ClassNotFoundException'{0x0000000088a9a910}: com/sun/swing/internal/plaf/basic/resources/spi/basicProvider> (0x0000000088a9a910) 
thrown [t:\workspace\open\src\hotspot\share\classfile\systemDictionary.cpp, line 256]
Event: 0.704 Thread 0x00000207d2477890 Implicit null exception at 0x00000207e2f2c160 to 0x00000207e2f2c1fa
Event: 0.709 Thread 0x00000207d2477890 Implicit null exception at 0x00000207e2f185af to 0x00000207e2f1862d
Event: 0.733 Thread 0x00000207f2a25ca0 Exception <a 'java/lang/NoSuchMethodError'{0x000000008890c428}: 'java.lang.Object java.lang.invoke.DirectMethodHandle$Holder.newInvokeSpecial(java.lang.Object, java.lang.Object, java.lang.Object, int, int, int, int, int)'> (0x000000008890c428) 
thrown [t:\workspace\open\src\hotspot\share\interpreter\linkResolver.cpp, line 790]
Event: 0.890 Thread 0x00000207d2477890 Exception <a 'java/lang/NoSuchMethodError'{0x0000000088b1e1d0}: 'void java.lang.invoke.DirectMethodHandle$Holder.invokeStaticInit(java.lang.Object)'> (0x0000000088b1e1d0) 
thrown [t:\workspace\open\src\hotspot\share\interpreter\linkResolver.cpp, line 790]
Event: 0.946 Thread 0x00000207f2af0290 Exception <a 'java/lang/NoSuchMethodError'{0x0000000088cf50f0}: 'void java.lang.invoke.DirectMethodHandle$Holder.invokeVirtual(java.lang.Object, java.lang.Object)'> (0x0000000088cf50f0) 
thrown [t:\workspace\open\src\hotspot\share\interpreter\linkResolver.cpp, line 790]
Event: 1.022 Thread 0x00000207f33dcb20 Exception <a 'java/io/FileNotFoundException'{0x0000000088aa7c60}> (0x0000000088aa7c60) 
thrown [t:\workspace\open\src\hotspot\share\prims\jni.cpp, line 579]
Event: 1.022 Thread 0x00000207f33dcb20 Exception <a 'java/io/FileNotFoundException'{0x0000000088aab118}> (0x0000000088aab118) 
thrown [t:\workspace\open\src\hotspot\share\prims\jni.cpp, line 579]
Event: 1.023 Thread 0x00000207f33dcb20 Exception <a 'java/io/FileNotFoundException'{0x0000000088aaca70}> (0x0000000088aaca70) 
thrown [t:\workspace\open\src\hotspot\share\prims\jni.cpp, line 579]
Event: 1.023 Thread 0x00000207f33dcb20 Exception <a 'java/io/FileNotFoundException'{0x0000000088aae3d8}> (0x0000000088aae3d8) 
thrown [t:\workspace\open\src\hotspot\share\prims\jni.cpp, line 579]
Event: 1.023 Thread 0x00000207f33dcb20 Exception <a 'java/io/FileNotFoundException'{0x0000000088aaff98}> (0x0000000088aaff98) 
thrown [t:\workspace\open\src\hotspot\share\prims\jni.cpp, line 579]
Event: 1.023 Thread 0x00000207f33dcb20 Exception <a 'java/io/FileNotFoundException'{0x0000000088ab18f0}> (0x0000000088ab18f0) 
thrown [t:\workspace\open\src\hotspot\share\prims\jni.cpp, line 579]
Event: 1.023 Thread 0x00000207f33dcb20 Exception <a 'java/io/FileNotFoundException'{0x0000000088ab3268}> (0x0000000088ab3268) 
thrown [t:\workspace\open\src\hotspot\share\prims\jni.cpp, line 579]
Event: 1.027 Thread 0x00000207f33dcb20 Exception <a 'java/io/FileNotFoundException'{0x0000000088addf10}> (0x0000000088addf10) 
thrown [t:\workspace\open\src\hotspot\share\prims\jni.cpp, line 579]
Event: 1.027 Thread 0x00000207f33dcb20 Exception <a 'java/io/FileNotFoundException'{0x0000000088ae11d8}> (0x0000000088ae11d8) 
thrown [t:\workspace\open\src\hotspot\share\prims\jni.cpp, line 579]
Event: 1.027 Thread 0x00000207f33dcb20 Exception <a 'java/io/FileNotFoundException'{0x0000000088ae2b30}> (0x0000000088ae2b30) 
thrown [t:\workspace\open\src\hotspot\share\prims\jni.cpp, line 579]
Event: 1.027 Thread 0x00000207f33dcb20 Exception <a 'java/io/FileNotFoundException'{0x0000000088ae4498}> (0x0000000088ae4498) 
thrown [t:\workspace\open\src\hotspot\share\prims\jni.cpp, line 579]
Event: 1.027 Thread 0x00000207f33dcb20 Exception <a 'java/io/FileNotFoundException'{0x0000000088ae5df0}> (0x0000000088ae5df0) 
thrown [t:\workspace\open\src\hotspot\share\prims\jni.cpp, line 579]
Event: 1.028 Thread 0x00000207f33dcb20 Exception <a 'java/io/FileNotFoundException'{0x0000000088ae8d60}> (0x0000000088ae8d60) 
thrown [t:\workspace\open\src\hotspot\share\prims\jni.cpp, line 579]
Event: 1.028 Thread 0x00000207f33dcb20 Exception <a 'java/io/FileNotFoundException'{0x0000000088aea6d8}> (0x0000000088aea6d8) 
thrown [t:\workspace\open\src\hotspot\share\prims\jni.cpp, line 579]

Events (20 events):
Event: 0.993 loading class java/awt/PrintGraphics done
Event: 0.993 loading class sun/java2d/loops/FontInfo
Event: 0.993 loading class sun/java2d/loops/FontInfo done
Event: 0.993 loading class sun/font/SunFontManager$FamilyDescription
Event: 0.993 loading class sun/font/SunFontManager$FamilyDescription done
Event: 1.003 Executing  VM operation: HandshakeAllThreads
Event: 1.003 Executing  VM operation: HandshakeAllThreads done
Event: 1.022 loading class java/security/PrivilegedActionException
Event: 1.022 loading class java/security/PrivilegedActionException done
Event: 1.022 loading class java/awt/FontFormatException
Event: 1.022 loading class java/awt/FontFormatException done
Event: 1.023 loading class sun/font/SunFontManager$4
Event: 1.024 loading class sun/font/SunFontManager$4 done
Event: 1.026 Thread 0x00000207f350cc70 Thread added: 0x00000207f350cc70
Event: 1.034 loading class sun/font/SunFontManager$9
Event: 1.034 loading class sun/font/SunFontManager$9 done
Event: 1.089 loading class jdk/internal/access/foreign/MemorySegmentProxy
Event: 1.089 loading class jdk/internal/access/foreign/MemorySegmentProxy done
Event: 1.115 loading class sun/font/SunFontManager$10
Event: 1.115 loading class sun/font/SunFontManager$10 done


Dynamic libraries:
0x00007ff604270000 - 0x00007ff604280000 	C:\Program Files\Java\jdk-16.0.1\bin\javaw.exe
0x00007ffc034d0000 - 0x00007ffc036c5000 	C:\WINDOWS\SYSTEM32\ntdll.dll
0x00007ffc02260000 - 0x00007ffc0231d000 	C:\WINDOWS\System32\KERNEL32.DLL
0x00007ffc00f90000 - 0x00007ffc01259000 	C:\WINDOWS\System32\KERNELBASE.dll
0x00007ffc01320000 - 0x00007ffc01420000 	C:\WINDOWS\System32\ucrtbase.dll
0x00007ffbfbed0000 - 0x00007ffbfbee8000 	C:\Program Files\Java\jdk-16.0.1\bin\jli.dll
0x00007ffc02520000 - 0x00007ffc025cc000 	C:\WINDOWS\System32\ADVAPI32.dll
0x00007ffc033f0000 - 0x00007ffc0348e000 	C:\WINDOWS\System32\msvcrt.dll
0x00007ffc01b70000 - 0x00007ffc01c0b000 	C:\WINDOWS\System32\sechost.dll
0x00007ffc01530000 - 0x00007ffc0165a000 	C:\WINDOWS\System32\RPCRT4.dll
0x00007ffc031c0000 - 0x00007ffc03360000 	C:\WINDOWS\System32\USER32.dll
0x00007ffc00d60000 - 0x00007ffc00d82000 	C:\WINDOWS\System32\win32u.dll
0x00007ffc01c10000 - 0x00007ffc01c3a000 	C:\WINDOWS\System32\GDI32.dll
0x00007ffc01420000 - 0x00007ffc0152b000 	C:\WINDOWS\System32\gdi32full.dll
0x00007ffc00d90000 - 0x00007ffc00e2d000 	C:\WINDOWS\System32\msvcp_win.dll
0x00007ffbfa790000 - 0x00007ffbfa7a9000 	C:\Program Files\Java\jdk-16.0.1\bin\VCRUNTIME140.dll
0x00007ffbf3990000 - 0x00007ffbf3c2a000 	C:\WINDOWS\WinSxS\amd64_microsoft.windows.common-controls_6595b64144ccf1df_6.0.19041.1110_none_60b5254171f9507e\COMCTL32.dll
0x00007ffbfac20000 - 0x00007ffbfac2a000 	C:\WINDOWS\SYSTEM32\VERSION.dll
0x00007ffc03360000 - 0x00007ffc03390000 	C:\WINDOWS\System32\IMM32.DLL
0x00007ffbfc920000 - 0x00007ffbfc92c000 	C:\Program Files\Java\jdk-16.0.1\bin\vcruntime140_1.dll
0x00007ffbfa6f0000 - 0x00007ffbfa781000 	C:\Program Files\Java\jdk-16.0.1\bin\msvcp140.dll
0x00007ffbb0700000 - 0x00007ffbb12ab000 	C:\Program Files\Java\jdk-16.0.1\bin\server\jvm.dll
0x00007ffc02f30000 - 0x00007ffc02f38000 	C:\WINDOWS\System32\PSAPI.DLL
0x00007ffbfc150000 - 0x00007ffbfc159000 	C:\WINDOWS\SYSTEM32\WSOCK32.dll
0x00007ffc025d0000 - 0x00007ffc0263b000 	C:\WINDOWS\System32\WS2_32.dll
0x00007ffbf4d60000 - 0x00007ffbf4d87000 	C:\WINDOWS\SYSTEM32\WINMM.dll
0x00007ffbfeb30000 - 0x00007ffbfeb42000 	C:\WINDOWS\SYSTEM32\kernel.appcore.dll
0x00007ffbf53b0000 - 0x00007ffbf53ba000 	C:\Program Files\Java\jdk-16.0.1\bin\jimage.dll
0x00007ffbf1c50000 - 0x00007ffbf1e34000 	C:\WINDOWS\SYSTEM32\DBGHELP.DLL
0x00007ffbef4b0000 - 0x00007ffbef4dc000 	C:\WINDOWS\SYSTEM32\dbgcore.DLL
0x00007ffc01260000 - 0x00007ffc012e3000 	C:\WINDOWS\System32\bcryptPrimitives.dll
0x00007ffbefb70000 - 0x00007ffbefb95000 	C:\Program Files\Java\jdk-16.0.1\bin\java.dll
0x00007ffc027f0000 - 0x00007ffc02f2f000 	C:\WINDOWS\System32\SHELL32.dll
0x00007ffbfed30000 - 0x00007ffbff4c0000 	C:\WINDOWS\SYSTEM32\windows.storage.dll
0x00007ffc01810000 - 0x00007ffc01b65000 	C:\WINDOWS\System32\combase.dll
0x00007ffc005f0000 - 0x00007ffc0061c000 	C:\WINDOWS\SYSTEM32\Wldp.dll
0x00007ffc02ff0000 - 0x00007ffc0309e000 	C:\WINDOWS\System32\SHCORE.dll
0x00007ffc024b0000 - 0x00007ffc02505000 	C:\WINDOWS\System32\shlwapi.dll
0x00007ffc00b40000 - 0x00007ffc00b5f000 	C:\WINDOWS\SYSTEM32\profapi.dll
0x00007ffbf40d0000 - 0x00007ffbf40e9000 	C:\Program Files\Java\jdk-16.0.1\bin\net.dll
0x00007ffbf54d0000 - 0x00007ffbf55d8000 	C:\WINDOWS\SYSTEM32\WINHTTP.dll
0x00007ffc002f0000 - 0x00007ffc0035a000 	C:\WINDOWS\system32\mswsock.dll
0x00007ffbf38e0000 - 0x00007ffbf38f3000 	C:\Program Files\Java\jdk-16.0.1\bin\nio.dll
0x00007ffbefd00000 - 0x00007ffbefd18000 	C:\Program Files\Java\jdk-16.0.1\bin\zip.dll
0x00007ffbd27e0000 - 0x00007ffbd2960000 	C:\Program Files\Java\jdk-16.0.1\bin\awt.dll
0x00007ffc020c0000 - 0x00007ffc0218d000 	C:\WINDOWS\System32\OLEAUT32.dll
0x00007ffbfe550000 - 0x00007ffbfe5e0000 	C:\WINDOWS\SYSTEM32\apphelp.dll
0x00007ffbfe950000 - 0x00007ffbfe97f000 	C:\WINDOWS\system32\DWMAPI.DLL
0x00007ffbfe670000 - 0x00007ffbfe70e000 	C:\WINDOWS\system32\uxtheme.dll
0x00007ffbbe280000 - 0x00007ffbbe3a5000 	C:\WINDOWS\system32\opengl32.dll
0x00007ffbf02a0000 - 0x00007ffbf02cc000 	C:\WINDOWS\SYSTEM32\GLU32.dll
0x00007ffc030a0000 - 0x00007ffc031b5000 	C:\WINDOWS\System32\MSCTF.dll
0x00007ffc026c0000 - 0x00007ffc027ea000 	C:\WINDOWS\System32\ole32.dll
0x00007ffbfa1f0000 - 0x00007ffbfa3be000 	C:\WINDOWS\system32\d3d9.dll
0x00007ffbf5be0000 - 0x00007ffbf5ce5000 	C:\WINDOWS\System32\DriverStore\FileRepository\nvmdi.inf_amd64_b5c7e9f1cc7d29c6\nvldumdx.dll
0x00007ffc007e0000 - 0x00007ffc007f2000 	C:\WINDOWS\SYSTEM32\msasn1.dll
0x00007ffbfa8b0000 - 0x00007ffbfa8e1000 	C:\WINDOWS\SYSTEM32\cryptnet.dll
0x00007ffc00c00000 - 0x00007ffc00d5f000 	C:\WINDOWS\System32\CRYPT32.dll
0x00007ffc00540000 - 0x00007ffc0054c000 	C:\WINDOWS\SYSTEM32\cryptbase.dll
0x00007ffc00e30000 - 0x00007ffc00e90000 	C:\WINDOWS\System32\WINTRUST.DLL
0x00007ffc02fd0000 - 0x00007ffc02fed000 	C:\WINDOWS\System32\imagehlp.dll
0x00007ffc00550000 - 0x00007ffc00568000 	C:\WINDOWS\SYSTEM32\CRYPTSP.dll
0x00007ffbffc70000 - 0x00007ffbffca4000 	C:\WINDOWS\system32\rsaenh.dll
0x00007ffc012f0000 - 0x00007ffc01317000 	C:\WINDOWS\System32\bcrypt.dll
0x00007ffb9d810000 - 0x00007ffb9efc8000 	C:\WINDOWS\System32\DriverStore\FileRepository\nvmdi.inf_amd64_b5c7e9f1cc7d29c6\nvd3dumx.dll
0x00007ffbc0760000 - 0x00007ffbc0a1e000 	C:\WINDOWS\system32\nvspcap64.dll
0x00007ffbff900000 - 0x00007ffbff933000 	C:\WINDOWS\SYSTEM32\ntmarta.dll
0x00007ffbff4d0000 - 0x00007ffbff4f3000 	C:\WINDOWS\SYSTEM32\gpapi.dll
0x00007ffbf6e10000 - 0x00007ffbf6e4b000 	C:\WINDOWS\SYSTEM32\dxcore.dll
0x00007ffc00e90000 - 0x00007ffc00ede000 	C:\WINDOWS\System32\cfgmgr32.dll
0x00007ffbf0230000 - 0x00007ffbf025d000 	C:\Program Files\Java\jdk-16.0.1\bin\javajpeg.dll
0x00007ffbef9b0000 - 0x00007ffbefa39000 	C:\Program Files\Java\jdk-16.0.1\bin\freetype.dll
0x00007ffbd1c30000 - 0x00007ffbd1d26000 	C:\Program Files\Java\jdk-16.0.1\bin\harfbuzz.dll
0x00007ffbf0280000 - 0x00007ffbf0292000 	C:\Program Files\Java\jdk-16.0.1\bin\fontmanager.dll
0x00007ffc02400000 - 0x00007ffc024a9000 	C:\WINDOWS\System32\clbcatq.dll
0x00007ffbf9450000 - 0x00007ffbf9604000 	C:\WINDOWS\SYSTEM32\WindowsCodecs.dll
0x00007ffbe1410000 - 0x00007ffbe144e000 	C:\WINDOWS\system32\dataexchange.dll
0x00007ffbfd8d0000 - 0x00007ffbfdab6000 	C:\WINDOWS\system32\dcomp.dll
0x00007ffbfc970000 - 0x00007ffbfcbd4000 	C:\WINDOWS\system32\d3d11.dll
0x00007ffbff500000 - 0x00007ffbff5f4000 	C:\WINDOWS\system32\dxgi.dll
0x00007ffbf9940000 - 0x00007ffbf9b41000 	C:\WINDOWS\system32\twinapi.appcore.dll
0x00007ffbf6920000 - 0x00007ffbf6a19000 	C:\WINDOWS\SYSTEM32\textinputframework.dll
0x00007ffbfe1f0000 - 0x00007ffbfe2e2000 	C:\WINDOWS\System32\CoreMessaging.dll
0x00007ffbfde40000 - 0x00007ffbfe19e000 	C:\WINDOWS\System32\CoreUIComponents.dll
0x00007ffbfd770000 - 0x00007ffbfd8c4000 	C:\WINDOWS\SYSTEM32\wintypes.dll

dbghelp: loaded successfully - version: 4.0.5 - missing functions: none
symbol engine: initialized successfully - sym options: 0x614 - pdb path: .;C:\Program Files\Java\jdk-16.0.1\bin;C:\WINDOWS\SYSTEM32;C:\WINDOWS\WinSxS\amd64_microsoft.windows.common-controls_6595b64144ccf1df_6.0.19041.1110_none_60b5254171f9507e;C:\Program Files\Java\jdk-16.0.1\bin\server;C:\WINDOWS\System32\DriverStore\FileRepository\nvmdi.inf_amd64_b5c7e9f1cc7d29c6

VM Arguments:
jvm_args: -Dfile.encoding=Cp1252 --module-path=D:\mysql-connector-java-8.0.26\mysql-connector-java-8.0.26.jar -XX:+ShowCodeDetailsInExceptionMessages 
java_command: main
java_class_path (initial): C:\Users\MSI\eclipse-workspace\Inventory management system\bin
Launcher Type: SUN_STANDARD

[Global flags]
     intx CICompilerCount                          = 3                                         {product} {ergonomic}
     uint ConcGCThreads                            = 1                                         {product} {ergonomic}
     uint G1ConcRefinementThreads                  = 4                                         {product} {ergonomic}
   size_t G1HeapRegionSize                         = 1048576                                   {product} {ergonomic}
    uintx GCDrainStackTargetSize                   = 64                                        {product} {ergonomic}
   size_t InitialHeapSize                          = 134217728                                 {product} {ergonomic}
   size_t MarkStackSize                            = 4194304                                   {product} {ergonomic}
   size_t MaxHeapSize                              = 2130706432                                {product} {ergonomic}
   size_t MaxNewSize                               = 1278214144                                {product} {ergonomic}
   size_t MinHeapDeltaBytes                        = 1048576                                   {product} {ergonomic}
   size_t MinHeapSize                              = 8388608                                   {product} {ergonomic}
    uintx NonNMethodCodeHeapSize                   = 5832780                                {pd product} {ergonomic}
    uintx NonProfiledCodeHeapSize                  = 122912730                              {pd product} {ergonomic}
    uintx ProfiledCodeHeapSize                     = 122912730                              {pd product} {ergonomic}
    uintx ReservedCodeCacheSize                    = 251658240                              {pd product} {ergonomic}
     bool SegmentedCodeCache                       = true                                      {product} {ergonomic}
     bool ShowCodeDetailsInExceptionMessages       = true                                   {manageable} {command line}
   size_t SoftMaxHeapSize                          = 2130706432                             {manageable} {ergonomic}
     bool UseCompressedClassPointers               = true                           {product lp64_product} {ergonomic}
     bool UseCompressedOops                        = true                           {product lp64_product} {ergonomic}
     bool UseG1GC                                  = true                                      {product} {ergonomic}
     bool UseLargePagesIndividualAllocation        = false                                  {pd product} {ergonomic}

Logging:
Log output configuration:
 #0: stdout all=warning uptime,level,tags
 #1: stderr all=off uptime,level,tags

Environment Variables:
PATH=C:/Program Files/Java/jdk-16.0.1/bin/server;C:/Program Files/Java/jdk-16.0.1/bin;C:\Program Files\Java\jdk-16.0.1\bin;C:\Users\MSI\AppData\Local\Programs\Python\Python39\Scripts\;C:\Users\MSI\AppData\Local\Programs\Python\Python39\;C:\Users\MSI\AppData\Local\Microsoft\WindowsApps;C:\Program Files\JetBrains\IntelliJ IDEA Community Edition 2021.1.2\bin;;C:\Program Files\Git\bin;C:\Program Files\Git\cmd;;C:\Users\MSI\Desktop;
USERNAME=GRUMPY
OS=Windows_NT
PROCESSOR_IDENTIFIER=Intel64 Family 6 Model 158 Stepping 11, GenuineIntel



---------------  S Y S T E M  ---------------

OS:
 Windows 10 , 64 bit Build 19041 (10.0.19041.1151)
OS uptime: 2 days 2:14 hours

CPU: total 4 (initial active 4) (4 cores per cpu, 1 threads per core) family 6 model 158 stepping 11 microcode 0xde, cx8, cmov, fxsr, mmx, 3dnowpref, sse, sse2, sse3, ssse3, sse4.1, sse4.2, popcnt, lzcnt, tsc, tscinvbit, avx, avx2, aes, erms, clmul, bmi1, bmi2, adx, fma, vzeroupper, clflush, clflushopt

Memory: 4k page, system-wide physical 8126M (393M free)
TotalPageFile size 29832M (AvailPageFile size 0M)
current process WorkingSet (physical memory assigned to process): 98M, peak: 98M
current process commit charge ("private bytes"): 235M, peak: 235M

vm_info: Java HotSpot(TM) 64-Bit Server VM (16.0.1+9-24) for windows-amd64 JRE (16.0.1+9-24), built on Mar 26 2021 19:31:42 by "mach5one" with MS VC++ 16.7 (VS2019)

END.
